<?xml version="1.0" encoding="UTF-8"?>
<!-- Generated by org.testng.reporters.JUnitReportReporter -->
<testsuite hostname="Naresh" name="com.TestSuite.OneAdultWithChild" tests="1" failures="0" timestamp="9 Feb 2016 19:03:30 GMT" time="536.550" errors="0">
  <testcase name="testcase1" time="536.550" classname="com.TestSuite.OneAdultWithChild"/>
</testsuite> <!-- com.TestSuite.OneAdultWithChild -->
