<?xml version="1.0" encoding="UTF-8"?>
<!-- Generated by org.testng.reporters.JUnitReportReporter -->
<testsuite hostname="Naresh" name="com.TestSuite.SingleMemApp_NonTaxFiler" tests="3" failures="0" timestamp="9 Mar 2016 15:51:21 GMT" time="1250.627" errors="0">
  <testcase name="testcase1" time="398.229" classname="com.TestSuite.SingleMemApp_NonTaxFiler"/>
  <testcase name="testcase1" time="396.264" classname="com.TestSuite.SingleMemApp_NonTaxFiler"/>
  <testcase name="testcase1" time="456.134" classname="com.TestSuite.SingleMemApp_NonTaxFiler"/>
</testsuite> <!-- com.TestSuite.SingleMemApp_NonTaxFiler -->
