<?xml version="1.0" encoding="UTF-8"?>
<!-- Generated by org.testng.reporters.JUnitReportReporter -->
<testsuite hostname="Naresh" name="com.TestSuite.ChildlessAdult_IncomeUnderMedicaid_HavingMEC" tests="1" failures="0" timestamp="24 Feb 2016 16:19:29 GMT" time="514.514" errors="0">
  <testcase name="testcase1" time="514.514" classname="com.TestSuite.ChildlessAdult_IncomeUnderMedicaid_HavingMEC"/>
</testsuite> <!-- com.TestSuite.ChildlessAdult_IncomeUnderMedicaid_HavingMEC -->
