<?xml version="1.0" encoding="UTF-8"?>
<!-- Generated by org.testng.reporters.JUnitReportReporter -->
<testsuite hostname="Naresh" name="com.TestSuite.CoupleVt2income" tests="1" failures="0" timestamp="24 Feb 2016 21:54:17 GMT" time="621.000" errors="0">
  <testcase name="testcase1" time="621.000" classname="com.TestSuite.CoupleVt2income"/>
</testsuite> <!-- com.TestSuite.CoupleVt2income -->
