<?xml version="1.0" encoding="UTF-8"?>
<!-- Generated by org.testng.reporters.JUnitReportReporter -->
<testsuite hostname="Naresh" name="com.TestSuite.PregnantWomanVtKid" tests="2" failures="0" timestamp="29 Feb 2016 20:14:53 GMT" time="1210.900" errors="0">
  <testcase name="testcase1" time="619.875" classname="com.TestSuite.PregnantWomanVtKid"/>
  <testcase name="testcase1" time="591.025" classname="com.TestSuite.PregnantWomanVtKid"/>
</testsuite> <!-- com.TestSuite.PregnantWomanVtKid -->
