<?xml version="1.0" encoding="UTF-8"?>
<!-- Generated by org.testng.reporters.JUnitReportReporter -->
<testsuite hostname="Naresh" name="com.TestSuite.CoupleVtChildren_HubbysSiblings" tests="1" failures="0" timestamp="9 Feb 2016 16:17:23 GMT" time="961.202" errors="0">
  <testcase name="testcase1" time="961.202" classname="com.TestSuite.CoupleVtChildren_HubbysSiblings"/>
</testsuite> <!-- com.TestSuite.CoupleVtChildren_HubbysSiblings -->
