<?xml version="1.0" encoding="UTF-8"?>
<!-- Generated by org.testng.reporters.JUnitReportReporter -->
<testsuite hostname="Naresh" name="com.TestSuite.CoupleVtChild_AllWages" tests="1" failures="0" timestamp="24 Feb 2016 21:16:16 GMT" time="736.437" errors="0">
  <testcase name="testcase1" time="736.437" classname="com.TestSuite.CoupleVtChild_AllWages"/>
</testsuite> <!-- com.TestSuite.CoupleVtChild_AllWages -->
