<?xml version="1.0" encoding="UTF-8"?>
<!-- Generated by org.testng.reporters.JUnitReportReporter -->
<testsuite hostname="Naresh" name="com.TestSuite.ParentVtKidVtInsurance" tests="2" failures="0" timestamp="29 Feb 2016 21:38:03 GMT" time="1212.639" errors="0">
  <testcase name="testcase1" time="599.928" classname="com.TestSuite.ParentVtKidVtInsurance"/>
  <testcase name="testcase1" time="612.711" classname="com.TestSuite.ParentVtKidVtInsurance"/>
</testsuite> <!-- com.TestSuite.ParentVtKidVtInsurance -->
