<?xml version="1.0" encoding="UTF-8"?>
<!-- Generated by org.testng.reporters.JUnitReportReporter -->
<testsuite hostname="Naresh" name="com.TestSuite.GrandChildrenVtGranny" tests="1" failures="0" timestamp="24 Feb 2016 18:55:58 GMT" time="774.710" errors="0">
  <testcase name="testcase1" time="774.710" classname="com.TestSuite.GrandChildrenVtGranny"/>
</testsuite> <!-- com.TestSuite.GrandChildrenVtGranny -->
