<?xml version="1.0" encoding="UTF-8"?>
<!-- Generated by org.testng.reporters.JUnitReportReporter -->
<testsuite hostname="Naresh" name="com.TestSuite.AdultVt2Siblings" tests="2" failures="0" timestamp="1 Mar 2016 19:41:41 GMT" time="1359.637" errors="0">
  <testcase name="testcase1" time="694.016" classname="com.TestSuite.AdultVt2Siblings"/>
  <testcase name="testcase1" time="665.621" classname="com.TestSuite.AdultVt2Siblings"/>
</testsuite> <!-- com.TestSuite.AdultVt2Siblings -->
