<?xml version="1.0" encoding="UTF-8"?>
<!-- Generated by org.testng.reporters.JUnitReportReporter -->
<testsuite hostname="Naresh" name="com.TestSuite.Medicaid_Refugees_MarriedCoupleVtChild" tests="1" failures="0" timestamp="24 Feb 2016 19:36:53 GMT" time="686.678" errors="0">
  <testcase name="testcase1" time="686.678" classname="com.TestSuite.Medicaid_Refugees_MarriedCoupleVtChild"/>
</testsuite> <!-- com.TestSuite.Medicaid_Refugees_MarriedCoupleVtChild -->
