<?xml version="1.0" encoding="UTF-8"?>
<!-- Generated by org.testng.reporters.JUnitReportReporter -->
<testsuite hostname="Naresh" name="com.TestSuite.FatherVt2Children" tests="1" failures="0" timestamp="9 Feb 2016 17:18:01 GMT" time="716.791" errors="0">
  <testcase name="testcase1" time="716.791" classname="com.TestSuite.FatherVt2Children"/>
</testsuite> <!-- com.TestSuite.FatherVt2Children -->
