<?xml version="1.0" encoding="UTF-8"?>
<!-- Generated by org.testng.reporters.JUnitReportReporter -->
<testsuite hostname="Naresh" name="com.TestSuite.BfGfVtChildren_GfHavingMEC" tests="1" failures="0" timestamp="23 Feb 2016 16:06:11 GMT" time="778.516" errors="0">
  <testcase name="testcase1" time="778.516" classname="com.TestSuite.BfGfVtChildren_GfHavingMEC"/>
</testsuite> <!-- com.TestSuite.BfGfVtChildren_GfHavingMEC -->
