<?xml version="1.0" encoding="UTF-8"?>
<!-- Generated by org.testng.reporters.JUnitReportReporter -->
<testsuite hostname="Naresh" name="com.TestSuite.PreganantWomanVtNoHealthInsurance" tests="2" failures="0" timestamp="29 Feb 2016 19:39:25 GMT" time="1029.986" errors="0">
  <testcase name="testcase1" time="511.787" classname="com.TestSuite.PreganantWomanVtNoHealthInsurance"/>
  <testcase name="testcase1" time="518.199" classname="com.TestSuite.PreganantWomanVtNoHealthInsurance"/>
</testsuite> <!-- com.TestSuite.PreganantWomanVtNoHealthInsurance -->
