<?xml version="1.0" encoding="UTF-8"?>
<!-- Generated by org.testng.reporters.JUnitReportReporter -->
<testsuite hostname="Naresh" name="com.TestSuite.GrannyVtDaughter_GrandDaughter" tests="1" failures="0" timestamp="9 Feb 2016 18:06:31 GMT" time="692.812" errors="0">
  <testcase name="testcase1" time="692.812" classname="com.TestSuite.GrannyVtDaughter_GrandDaughter"/>
</testsuite> <!-- com.TestSuite.GrannyVtDaughter_GrandDaughter -->
