<?xml version="1.0" encoding="UTF-8"?>
<!-- Generated by org.testng.reporters.JUnitReportReporter -->
<testsuite hostname="Naresh" name="com.TestSuite.CoupleVt2Children_1ChildLivingSeperately" tests="1" failures="0" timestamp="24 Feb 2016 17:59:51 GMT" time="766.563" errors="0">
  <testcase name="testcase1" time="766.563" classname="com.TestSuite.CoupleVt2Children_1ChildLivingSeperately"/>
</testsuite> <!-- com.TestSuite.CoupleVt2Children_1ChildLivingSeperately -->
