<?xml version="1.0" encoding="UTF-8"?>
<!-- Generated by org.testng.reporters.JUnitReportReporter -->
<testsuite hostname="Naresh" name="com.TestSuite.PregnantWomanVtChild" tests="1" failures="0" timestamp="24 Feb 2016 19:19:18 GMT" time="656.682" errors="0">
  <testcase name="testcase1" time="656.682" classname="com.TestSuite.PregnantWomanVtChild"/>
</testsuite> <!-- com.TestSuite.PregnantWomanVtChild -->
