<?xml version="1.0" encoding="UTF-8"?>
<!-- Generated by org.testng.reporters.JUnitReportReporter -->
<testsuite hostname="Naresh" name="com.TestSuite.Couple_65plusAge_OneEarning" tests="1" failures="0" timestamp="24 Feb 2016 19:47:08 GMT" time="552.882" errors="0">
  <testcase name="testcase1" time="552.882" classname="com.TestSuite.Couple_65plusAge_OneEarning"/>
</testsuite> <!-- com.TestSuite.Couple_65plusAge_OneEarning -->
