<?xml version="1.0" encoding="UTF-8"?>
<!-- Generated by org.testng.reporters.JUnitReportReporter -->
<testsuite hostname="Naresh" name="com.TestSuite.CoupleVtChild" tests="2" failures="0" timestamp="24 Feb 2016 21:43:35 GMT" time="1472.233" errors="0">
  <testcase name="testcase1" time="738.495" classname="com.TestSuite.CoupleVtChild"/>
  <testcase name="testcase1" time="733.738" classname="com.TestSuite.CoupleVtChild"/>
</testsuite> <!-- com.TestSuite.CoupleVtChild -->
