<?xml version="1.0" encoding="UTF-8"?>
<!-- Generated by org.testng.reporters.JUnitReportReporter -->
<testsuite hostname="Naresh" name="com.TestSuite.AdultVt4Siblings" tests="2" failures="0" timestamp="2 Mar 2016 16:34:10 GMT" time="1731.315" errors="0">
  <testcase name="testcase1" time="867.640" classname="com.TestSuite.AdultVt4Siblings"/>
  <testcase name="testcase1" time="863.675" classname="com.TestSuite.AdultVt4Siblings"/>
</testsuite> <!-- com.TestSuite.AdultVt4Siblings -->
