<?xml version="1.0" encoding="UTF-8"?>
<!-- Generated by org.testng.reporters.JUnitReportReporter -->
<testsuite hostname="Naresh" name="com.TestSuite.MotherVtDaughter" tests="1" failures="0" timestamp="24 Feb 2016 17:35:41 GMT" time="609.378" errors="0">
  <testcase name="testcase1" time="609.378" classname="com.TestSuite.MotherVtDaughter"/>
</testsuite> <!-- com.TestSuite.MotherVtDaughter -->
