<?xml version="1.0" encoding="UTF-8"?>
<!-- Generated by org.testng.reporters.JUnitReportReporter -->
<testsuite hostname="Naresh" name="com.TestSuite.Refugees_MotherWithChild" tests="1" failures="0" timestamp="24 Feb 2016 19:07:28 GMT" time="567.704" errors="0">
  <testcase name="testcase1" time="567.704" classname="com.TestSuite.Refugees_MotherWithChild"/>
</testsuite> <!-- com.TestSuite.Refugees_MotherWithChild -->
