<?xml version="1.0" encoding="UTF-8"?>
<!-- Generated by org.testng.reporters.JUnitReportReporter -->
<testsuite hostname="Naresh" name="com.TestSuite.CoupleLivingSeperately_ChildOutOfDC" tests="1" failures="0" timestamp="24 Feb 2016 17:24:27 GMT" time="838.825" errors="0">
  <testcase name="testcase1" time="838.825" classname="com.TestSuite.CoupleLivingSeperately_ChildOutOfDC"/>
</testsuite> <!-- com.TestSuite.CoupleLivingSeperately_ChildOutOfDC -->
