<?xml version="1.0" encoding="UTF-8"?>
<!-- Generated by org.testng.reporters.JUnitReportReporter -->
<testsuite hostname="Naresh" name="com.TestSuite.MotherVtMedicare_Daughter" tests="1" failures="0" timestamp="9 Feb 2016 18:53:12 GMT" time="637.137" errors="0">
  <testcase name="testcase1" time="637.137" classname="com.TestSuite.MotherVtMedicare_Daughter"/>
</testsuite> <!-- com.TestSuite.MotherVtMedicare_Daughter -->
