<?xml version="1.0" encoding="UTF-8"?>
<!-- Generated by org.testng.reporters.JUnitReportReporter -->
<testsuite hostname="Naresh" name="com.TestSuite.CoupleVtDaughter" tests="1" failures="0" timestamp="9 Feb 2016 16:31:12 GMT" time="747.034" errors="0">
  <testcase name="testcase1" time="747.034" classname="com.TestSuite.CoupleVtDaughter"/>
</testsuite> <!-- com.TestSuite.CoupleVtDaughter -->
